2019-02-23 17:45:10.172 [INFO]    -------------------------PROGRAM STARTED-------------------
2019-02-23 17:45:10.722 [INFO]    DB was opened seccefully
2019-02-23 17:45:10.769 [INFO]    Admin User Switched
2019-02-23 17:45:10.865 [INFO]    LogIn window opened
2019-02-23 17:45:18.279 [INFO]    User Switched to LIRAN_ADMIN
2019-02-23 17:45:18.292 [INFO]    Admin panel opened
2019-02-23 17:45:21.008 [INFO]    Delete Product Window Opened
2019-02-23 17:45:21.175 [INFO]    Delete Product Window Opened and Panel Window Closed
2019-02-23 17:45:29.084 [INFO]    Admin panel opened
2019-02-23 17:45:29.130 [INFO]    Open Admin Panel Window and Close Delete Product Window
2019-02-23 17:45:34.250 [INFO]    Table Updated
2019-02-23 17:45:34.260 [INFO]    All Admins Shown
2019-02-23 17:45:34.270 [INFO]    Delete Admin Window opened
2019-02-23 17:45:34.361 [INFO]    Delete Admin Window opened
2019-02-23 17:46:00.796 [ERROR]   Exception while trying to delete admin user details: Oracle.ManagedDataAccess.Client.OracleException (0x80004005): ORA-00900: invalid SQL statement
   at OracleInternal.ServiceObjects.OracleConnectionImpl.VerifyExecution(Int32& cursorId, Boolean bThrowArrayBindRelatedErrors, SqlStatementType sqlStatementType, Int32 arrayBindCount, OracleException& exceptionForArrayBindDML, Boolean& hasMoreRowsInDB, Boolean bFirstIterationDone)
   at OracleInternal.ServiceObjects.OracleCommandImpl.ExecuteReader(String commandText, OracleParameterCollection paramColl, CommandType commandType, OracleConnectionImpl connectionImpl, OracleDataReaderImpl& rdrImpl, Int32 longFetchSize, Int64 clientInitialLOBFS, OracleDependencyImpl orclDependencyImpl, Int64[] scnForExecution, Int64[]& scnFromExecution, OracleParameterCollection& bindByPositionParamColl, Boolean& bBindParamPresent, Int64& internalInitialLOBFS, OracleException& exceptionForArrayBindDML, OracleConnection connection, OracleLogicalTransaction& oracleLogicalTransaction, IEnumerable`1 adrianParsedStmt, Boolean isDescribeOnly, Boolean isFromEF)
   at Oracle.ManagedDataAccess.Client.OracleCommand.ExecuteReader(Boolean requery, Boolean fillRequest, CommandBehavior behavior)
   at Oracle.ManagedDataAccess.Client.OracleCommand.ExecuteReader()
   at Oracle.ManagedDataAccess.Client.OracleCommand.ExecuteScalar()
   at OracalDBProject.Admin.DeleteAdminWindow.deleteButtonAdmin_Click(Object sender, RoutedEventArgs e) in C:\Users\Liran\Source\Repos\Oracle_.NET2\OracalDBProject\Admin\DeleteAdminWindow.xaml.cs:line 173
2019-02-23 18:14:29.623 [INFO]    -------------------------PROGRAM STARTED-------------------
2019-02-23 18:14:30.292 [INFO]    DB was opened seccefully
2019-02-23 18:14:30.341 [INFO]    Admin User Switched
2019-02-23 18:14:30.420 [INFO]    LogIn window opened
2019-02-23 18:15:44.274 [INFO]    -------------------------PROGRAM STARTED-------------------
2019-02-23 18:15:44.913 [INFO]    DB was opened seccefully
2019-02-23 18:15:44.969 [INFO]    Admin User Switched
2019-02-23 18:15:45.119 [INFO]    LogIn window opened
2019-02-23 18:15:50.864 [INFO]    User Switched to LIRAN_ADMIN
2019-02-23 18:15:50.880 [INFO]    Admin panel opened
2019-02-23 18:15:53.671 [INFO]    Table Updated
2019-02-23 18:15:53.681 [INFO]    All Admins Shown
2019-02-23 18:15:53.695 [INFO]    Delete Admin Window opened
2019-02-23 18:15:53.836 [INFO]    Delete Admin Window opened
2019-02-23 22:28:46.774 [INFO]    -------------------------PROGRAM STARTED-------------------
2019-02-23 22:28:47.187 [INFO]    DB was opened seccefully
2019-02-23 22:28:47.216 [INFO]    Admin User Switched
2019-02-23 22:28:47.253 [INFO]    Admin Package Created
2019-02-23 22:28:47.292 [INFO]    LogIn window opened
2019-02-23 22:32:08.379 [INFO]    -------------------------PROGRAM STARTED-------------------
2019-02-23 22:32:08.924 [INFO]    DB was opened seccefully
2019-02-23 22:32:08.953 [INFO]    Admin User Switched
2019-02-23 22:32:09.007 [INFO]    LogIn window opened
2019-02-23 22:32:13.734 [INFO]    User Switched to LIRAN_ADMIN
2019-02-23 22:32:13.742 [INFO]    Admin panel opened
2019-02-23 22:32:14.665 [INFO]    Table Updated
2019-02-23 22:32:14.671 [INFO]    All Admins Shown
2019-02-23 22:32:14.677 [INFO]    Delete Admin Window opened
2019-02-23 22:32:14.787 [INFO]    Delete Admin Window opened
2019-02-23 22:34:00.862 [INFO]    -------------------------PROGRAM STARTED-------------------
2019-02-23 22:34:01.345 [INFO]    DB was opened seccefully
2019-02-23 22:34:01.374 [INFO]    Admin User Switched
2019-02-23 22:34:01.428 [INFO]    LogIn window opened
2019-02-23 22:34:04.905 [INFO]    User Switched to LIRAN_ADMIN
2019-02-23 22:34:04.913 [INFO]    Admin panel opened
2019-02-23 22:34:05.902 [INFO]    Table Updated
2019-02-23 22:34:05.909 [INFO]    All Admins Shown
2019-02-23 22:34:05.915 [INFO]    Delete Admin Window opened
2019-02-23 22:34:06.022 [INFO]    Delete Admin Window opened
2019-02-23 22:34:20.941 [ERROR]   Exception while trying to delete admin user details: Oracle.ManagedDataAccess.Client.OracleException (0x80004005): ORA-06550: line 1, column 15:
PLS-00306: wrong number or types of arguments in call to 'GET_ADMIN_ID'
ORA-06550: line 1, column 7:
PL/SQL: Statement ignored
   at OracleInternal.ServiceObjects.OracleConnectionImpl.VerifyExecution(Int32& cursorId, Boolean bThrowArrayBindRelatedErrors, SqlStatementType sqlStatementType, Int32 arrayBindCount, OracleException& exceptionForArrayBindDML, Boolean& hasMoreRowsInDB, Boolean bFirstIterationDone)
   at OracleInternal.ServiceObjects.OracleCommandImpl.ExecuteReader(String commandText, OracleParameterCollection paramColl, CommandType commandType, OracleConnectionImpl connectionImpl, OracleDataReaderImpl& rdrImpl, Int32 longFetchSize, Int64 clientInitialLOBFS, OracleDependencyImpl orclDependencyImpl, Int64[] scnForExecution, Int64[]& scnFromExecution, OracleParameterCollection& bindByPositionParamColl, Boolean& bBindParamPresent, Int64& internalInitialLOBFS, OracleException& exceptionForArrayBindDML, OracleConnection connection, OracleLogicalTransaction& oracleLogicalTransaction, IEnumerable`1 adrianParsedStmt, Boolean isDescribeOnly, Boolean isFromEF)
   at Oracle.ManagedDataAccess.Client.OracleCommand.ExecuteReader(Boolean requery, Boolean fillRequest, CommandBehavior behavior)
   at Oracle.ManagedDataAccess.Client.OracleCommand.ExecuteReader()
   at Oracle.ManagedDataAccess.Client.OracleCommand.ExecuteScalar()
   at OracalDBProject.Admin.DeleteAdminWindow.deleteButtonAdmin_Click(Object sender, RoutedEventArgs e) in C:\Users\Liran\Source\Repos\Oracle_.NET2\OracalDBProject\Admin\DeleteAdminWindow.xaml.cs:line 176
2019-02-23 23:18:14.852 [INFO]    -------------------------PROGRAM STARTED-------------------
2019-02-23 23:18:15.435 [INFO]    DB was opened seccefully
2019-02-23 23:18:15.467 [INFO]    Admin User Switched
2019-02-23 23:18:15.493 [INFO]    Admin Package Created
2019-02-23 23:18:15.607 [INFO]    LogIn window opened
2019-02-23 23:18:19.360 [INFO]    User Switched to LIRAN_ADMIN
2019-02-23 23:18:19.369 [INFO]    Admin panel opened
2019-02-23 23:18:21.036 [INFO]    Table Updated
2019-02-23 23:18:21.042 [INFO]    All Admins Shown
2019-02-23 23:18:21.048 [INFO]    Delete Admin Window opened
2019-02-23 23:18:21.155 [INFO]    Delete Admin Window opened
2019-02-23 23:21:46.431 [INFO]    -------------------------PROGRAM STARTED-------------------
2019-02-23 23:21:46.969 [INFO]    DB was opened seccefully
2019-02-23 23:21:47.001 [INFO]    Admin User Switched
2019-02-23 23:21:47.025 [INFO]    Admin Package Created
2019-02-23 23:21:47.079 [INFO]    LogIn window opened
2019-02-23 23:21:55.235 [INFO]    User Switched to LIRAN_ADMIN
2019-02-23 23:21:55.243 [INFO]    Admin panel opened
2019-02-23 23:22:15.572 [INFO]    Table Updated
2019-02-23 23:22:15.578 [INFO]    All Admins Shown
2019-02-23 23:22:15.584 [INFO]    Delete Admin Window opened
2019-02-23 23:22:15.704 [INFO]    Delete Admin Window opened
2019-02-23 23:22:26.499 [ERROR]   Exception while trying to delete admin user details: Oracle.ManagedDataAccess.Client.OracleException (0x80004005): ORA-06550: line 1, column 7:
PLS-00306: wrong number or types of arguments in call to 'GET_ADMIN_ID'
ORA-06550: line 1, column 7:
PL/SQL: Statement ignored
   at OracleInternal.ServiceObjects.OracleConnectionImpl.VerifyExecution(Int32& cursorId, Boolean bThrowArrayBindRelatedErrors, SqlStatementType sqlStatementType, Int32 arrayBindCount, OracleException& exceptionForArrayBindDML, Boolean& hasMoreRowsInDB, Boolean bFirstIterationDone)
   at OracleInternal.ServiceObjects.OracleCommandImpl.ExecuteNonQuery(String commandText, OracleParameterCollection paramColl, CommandType commandType, OracleConnectionImpl connectionImpl, Int32 longFetchSize, Int64 clientInitialLOBFS, OracleDependencyImpl orclDependencyImpl, Int64[]& scnFromExecution, OracleParameterCollection& bindByPositionParamColl, Boolean& bBindParamPresent, OracleException& exceptionForArrayBindDML, OracleConnection connection, OracleLogicalTransaction& oracleLogicalTransaction, Boolean isFromEF)
   at Oracle.ManagedDataAccess.Client.OracleCommand.ExecuteNonQuery()
   at OracalDBProject.Admin.DeleteAdminWindow.deleteButtonAdmin_Click(Object sender, RoutedEventArgs e) in C:\Users\Liran\Source\Repos\Oracle_.NET2\OracalDBProject\Admin\DeleteAdminWindow.xaml.cs:line 176
2019-02-23 23:26:22.116 [INFO]    -------------------------PROGRAM STARTED-------------------
2019-02-23 23:26:22.654 [INFO]    DB was opened seccefully
2019-02-23 23:26:22.685 [INFO]    Admin User Switched
2019-02-23 23:26:22.720 [INFO]    Admin Package Created
2019-02-23 23:26:22.788 [INFO]    LogIn window opened
2019-02-23 23:26:26.063 [INFO]    User Switched to LIRAN_ADMIN
2019-02-23 23:26:26.070 [INFO]    Admin panel opened
2019-02-23 23:26:31.522 [INFO]    Table Updated
2019-02-23 23:26:31.529 [INFO]    All Admins Shown
2019-02-23 23:26:31.535 [INFO]    Delete Admin Window opened
2019-02-23 23:26:31.656 [INFO]    Delete Admin Window opened
2019-02-23 23:26:52.066 [ERROR]   Exception while trying to delete admin user details: Oracle.ManagedDataAccess.Client.OracleException (0x80004005): ORA-06550: line 1, column 7:
PLS-00306: wrong number or types of arguments in call to 'GET_ADMIN_ID'
ORA-06550: line 1, column 7:
PL/SQL: Statement ignored
   at OracleInternal.ServiceObjects.OracleConnectionImpl.VerifyExecution(Int32& cursorId, Boolean bThrowArrayBindRelatedErrors, SqlStatementType sqlStatementType, Int32 arrayBindCount, OracleException& exceptionForArrayBindDML, Boolean& hasMoreRowsInDB, Boolean bFirstIterationDone)
   at OracleInternal.ServiceObjects.OracleCommandImpl.ExecuteNonQuery(String commandText, OracleParameterCollection paramColl, CommandType commandType, OracleConnectionImpl connectionImpl, Int32 longFetchSize, Int64 clientInitialLOBFS, OracleDependencyImpl orclDependencyImpl, Int64[]& scnFromExecution, OracleParameterCollection& bindByPositionParamColl, Boolean& bBindParamPresent, OracleException& exceptionForArrayBindDML, OracleConnection connection, OracleLogicalTransaction& oracleLogicalTransaction, Boolean isFromEF)
   at Oracle.ManagedDataAccess.Client.OracleCommand.ExecuteNonQuery()
   at OracalDBProject.Admin.DeleteAdminWindow.deleteButtonAdmin_Click(Object sender, RoutedEventArgs e) in C:\Users\Liran\Source\Repos\Oracle_.NET2\OracalDBProject\Admin\DeleteAdminWindow.xaml.cs:line 176
2019-02-23 23:27:26.023 [INFO]    -------------------------PROGRAM STARTED-------------------
2019-02-23 23:27:26.533 [INFO]    DB was opened seccefully
2019-02-23 23:27:26.565 [INFO]    Admin User Switched
2019-02-23 23:27:26.590 [INFO]    Admin Package Created
2019-02-23 23:27:26.682 [INFO]    LogIn window opened
2019-02-23 23:27:29.459 [INFO]    User Switched to LIRAN_ADMIN
2019-02-23 23:27:29.468 [INFO]    Admin panel opened
2019-02-23 23:27:30.997 [INFO]    Table Updated
2019-02-23 23:27:31.004 [INFO]    All Admins Shown
2019-02-23 23:27:31.010 [INFO]    Delete Admin Window opened
2019-02-23 23:27:31.121 [INFO]    Delete Admin Window opened
2019-02-23 23:27:40.238 [INFO]    -------------------------PROGRAM STARTED-------------------
2019-02-23 23:27:40.798 [INFO]    DB was opened seccefully
2019-02-23 23:27:40.838 [INFO]    Admin User Switched
2019-02-23 23:27:40.877 [INFO]    Admin Package Created
2019-02-23 23:27:40.949 [INFO]    LogIn window opened
2019-02-23 23:27:44.469 [INFO]    User Switched to LIRAN_ADMIN
2019-02-23 23:27:44.477 [INFO]    Admin panel opened
2019-02-23 23:27:45.663 [INFO]    Table Updated
2019-02-23 23:27:45.670 [INFO]    All Admins Shown
2019-02-23 23:27:45.675 [INFO]    Delete Admin Window opened
2019-02-23 23:27:45.780 [INFO]    Delete Admin Window opened
2019-02-23 23:30:02.223 [INFO]    -------------------------PROGRAM STARTED-------------------
2019-02-23 23:30:02.746 [INFO]    DB was opened seccefully
2019-02-23 23:30:02.776 [INFO]    Admin User Switched
2019-02-23 23:30:02.800 [INFO]    Admin Package Created
2019-02-23 23:30:02.914 [INFO]    LogIn window opened
2019-02-23 23:30:07.450 [INFO]    User Switched to LIRAN_ADMIN
2019-02-23 23:30:07.457 [INFO]    Admin panel opened
2019-02-23 23:30:09.133 [INFO]    Table Updated
2019-02-23 23:30:09.140 [INFO]    All Admins Shown
2019-02-23 23:30:09.145 [INFO]    Delete Admin Window opened
2019-02-23 23:30:09.262 [INFO]    Delete Admin Window opened
2019-02-23 23:30:15.942 [ERROR]   Exception while trying to delete admin user details: Oracle.ManagedDataAccess.Client.OracleException (0x80004005): ORA-06550: line 1, column 7:
PLS-00306: wrong number or types of arguments in call to 'GET_ADMIN_ID'
ORA-06550: line 1, column 7:
PL/SQL: Statement ignored
   at OracleInternal.ServiceObjects.OracleConnectionImpl.VerifyExecution(Int32& cursorId, Boolean bThrowArrayBindRelatedErrors, SqlStatementType sqlStatementType, Int32 arrayBindCount, OracleException& exceptionForArrayBindDML, Boolean& hasMoreRowsInDB, Boolean bFirstIterationDone)
   at OracleInternal.ServiceObjects.OracleCommandImpl.ExecuteNonQuery(String commandText, OracleParameterCollection paramColl, CommandType commandType, OracleConnectionImpl connectionImpl, Int32 longFetchSize, Int64 clientInitialLOBFS, OracleDependencyImpl orclDependencyImpl, Int64[]& scnFromExecution, OracleParameterCollection& bindByPositionParamColl, Boolean& bBindParamPresent, OracleException& exceptionForArrayBindDML, OracleConnection connection, OracleLogicalTransaction& oracleLogicalTransaction, Boolean isFromEF)
   at Oracle.ManagedDataAccess.Client.OracleCommand.ExecuteNonQuery()
   at OracalDBProject.Admin.DeleteAdminWindow.deleteButtonAdmin_Click(Object sender, RoutedEventArgs e) in C:\Users\Liran\Source\Repos\Oracle_.NET2\OracalDBProject\Admin\DeleteAdminWindow.xaml.cs:line 176
2019-02-24 08:24:51.979 [INFO]    -------------------------PROGRAM STARTED-------------------
2019-02-24 08:24:52.511 [INFO]    DB was opened seccefully
2019-02-24 08:24:52.559 [INFO]    Admin User Switched
2019-02-24 08:24:52.622 [INFO]    Admin Package Created
2019-02-24 08:24:52.740 [INFO]    LogIn window opened
2019-02-24 08:25:31.519 [INFO]    -------------------------PROGRAM STARTED-------------------
2019-02-24 08:25:32.136 [INFO]    DB was opened seccefully
2019-02-24 08:25:32.169 [INFO]    Admin User Switched
2019-02-24 08:25:32.206 [INFO]    Admin Package Created
2019-02-24 08:25:32.357 [INFO]    LogIn window opened
2019-02-24 08:33:56.645 [INFO]    -------------------------PROGRAM STARTED-------------------
2019-02-24 08:33:57.270 [INFO]    DB was opened seccefully
2019-02-24 08:33:57.346 [INFO]    Admin User Switched
2019-02-24 08:33:57.423 [INFO]    Admin Package Created
2019-02-24 08:33:57.484 [INFO]    LogIn window opened
2019-02-24 08:36:02.550 [INFO]    -------------------------PROGRAM STARTED-------------------
2019-02-24 08:36:03.179 [INFO]    DB was opened seccefully
2019-02-24 08:36:03.233 [INFO]    Admin User Switched
2019-02-24 08:36:03.309 [INFO]    LogIn window opened
2019-02-24 08:36:11.987 [INFO]    User Switched to LIRAN_ADMIN
2019-02-24 08:36:12.009 [INFO]    Admin panel opened
2019-02-24 08:36:14.252 [INFO]    Table Updated
2019-02-24 08:36:14.266 [INFO]    All Admins Shown
2019-02-24 08:36:14.280 [INFO]    Delete Admin Window opened
2019-02-24 08:36:14.482 [INFO]    Delete Admin Window opened
2019-02-24 08:38:39.915 [INFO]    -------------------------PROGRAM STARTED-------------------
2019-02-24 08:38:40.496 [INFO]    DB was opened seccefully
2019-02-24 08:38:40.526 [INFO]    Admin User Switched
2019-02-24 08:38:40.583 [INFO]    LogIn window opened
2019-02-24 08:39:02.275 [INFO]    User Switched to LIRAN_ADMIN
2019-02-24 08:39:02.288 [INFO]    Admin panel opened
2019-02-24 08:39:04.254 [INFO]    Table Updated
2019-02-24 08:39:04.260 [INFO]    All Admins Shown
2019-02-24 08:39:04.266 [INFO]    Delete Admin Window opened
2019-02-24 08:39:04.398 [INFO]    Delete Admin Window opened
2019-02-24 08:41:06.455 [INFO]    -------------------------PROGRAM STARTED-------------------
2019-02-24 08:41:07.136 [INFO]    DB was opened seccefully
2019-02-24 08:41:07.216 [INFO]    Admin User Switched
2019-02-24 08:41:07.408 [INFO]    LogIn window opened
2019-02-24 08:41:12.776 [INFO]    User Switched to LIRAN_ADMIN
2019-02-24 08:41:12.795 [INFO]    Admin panel opened
2019-02-24 08:41:24.877 [INFO]    Table Updated
2019-02-24 08:41:24.891 [INFO]    All Admins Shown
2019-02-24 08:41:24.904 [INFO]    Delete Admin Window opened
2019-02-24 08:41:25.126 [INFO]    Delete Admin Window opened
2019-02-24 08:41:36.503 [ERROR]   Exception while trying to delete admin user details: Oracle.ManagedDataAccess.Client.OracleException (0x80004005): ORA-06550: line 1, column 7:
PLS-00306: wrong number or types of arguments in call to 'GET_ADMIN_ID'
ORA-06550: line 1, column 7:
PL/SQL: Statement ignored
   at OracleInternal.ServiceObjects.OracleConnectionImpl.VerifyExecution(Int32& cursorId, Boolean bThrowArrayBindRelatedErrors, SqlStatementType sqlStatementType, Int32 arrayBindCount, OracleException& exceptionForArrayBindDML, Boolean& hasMoreRowsInDB, Boolean bFirstIterationDone)
   at OracleInternal.ServiceObjects.OracleCommandImpl.ExecuteNonQuery(String commandText, OracleParameterCollection paramColl, CommandType commandType, OracleConnectionImpl connectionImpl, Int32 longFetchSize, Int64 clientInitialLOBFS, OracleDependencyImpl orclDependencyImpl, Int64[]& scnFromExecution, OracleParameterCollection& bindByPositionParamColl, Boolean& bBindParamPresent, OracleException& exceptionForArrayBindDML, OracleConnection connection, OracleLogicalTransaction& oracleLogicalTransaction, Boolean isFromEF)
   at Oracle.ManagedDataAccess.Client.OracleCommand.ExecuteNonQuery()
   at OracalDBProject.Admin.DeleteAdminWindow.deleteButtonAdmin_Click(Object sender, RoutedEventArgs e) in C:\Users\Liran\Source\Repos\Oracle_.NET2\OracalDBProject\Admin\DeleteAdminWindow.xaml.cs:line 176
2019-02-24 08:52:50.709 [INFO]    -------------------------PROGRAM STARTED-------------------
2019-02-24 08:52:51.292 [INFO]    DB was opened seccefully
2019-02-24 08:52:51.343 [INFO]    Admin User Switched
2019-02-24 08:52:51.505 [INFO]    LogIn window opened
2019-02-24 08:52:57.824 [INFO]    User Switched to LIRAN_ADMIN
2019-02-24 08:52:57.844 [INFO]    Admin panel opened
2019-02-24 08:52:59.884 [INFO]    Table Updated
2019-02-24 08:52:59.897 [INFO]    All Admins Shown
2019-02-24 08:52:59.911 [INFO]    Delete Admin Window opened
2019-02-24 08:53:00.093 [INFO]    Delete Admin Window opened
2019-02-24 08:53:08.011 [ERROR]   Exception while trying to delete admin user details: Oracle.ManagedDataAccess.Client.OracleException (0x80004005): ORA-01403: no data found
ORA-06512: at "LIRAN_ADMIN.PKG_ADMIN", line 1
ORA-06512: at line 1
   at OracleInternal.ServiceObjects.OracleConnectionImpl.VerifyExecution(Int32& cursorId, Boolean bThrowArrayBindRelatedErrors, SqlStatementType sqlStatementType, Int32 arrayBindCount, OracleException& exceptionForArrayBindDML, Boolean& hasMoreRowsInDB, Boolean bFirstIterationDone)
   at OracleInternal.ServiceObjects.OracleCommandImpl.ExecuteNonQuery(String commandText, OracleParameterCollection paramColl, CommandType commandType, OracleConnectionImpl connectionImpl, Int32 longFetchSize, Int64 clientInitialLOBFS, OracleDependencyImpl orclDependencyImpl, Int64[]& scnFromExecution, OracleParameterCollection& bindByPositionParamColl, Boolean& bBindParamPresent, OracleException& exceptionForArrayBindDML, OracleConnection connection, OracleLogicalTransaction& oracleLogicalTransaction, Boolean isFromEF)
   at Oracle.ManagedDataAccess.Client.OracleCommand.ExecuteNonQuery()
   at OracalDBProject.Admin.DeleteAdminWindow.deleteButtonAdmin_Click(Object sender, RoutedEventArgs e) in C:\Users\Liran\Source\Repos\Oracle_.NET2\OracalDBProject\Admin\DeleteAdminWindow.xaml.cs:line 179
2019-02-24 08:55:55.943 [INFO]    -------------------------PROGRAM STARTED-------------------
2019-02-24 08:55:56.544 [INFO]    DB was opened seccefully
2019-02-24 08:55:56.588 [INFO]    Admin User Switched
2019-02-24 08:55:56.672 [INFO]    LogIn window opened
2019-02-24 08:56:03.477 [INFO]    User Switched to LIRAN_ADMIN
2019-02-24 08:56:03.493 [INFO]    Admin panel opened
2019-02-24 08:56:05.521 [INFO]    Table Updated
2019-02-24 08:56:05.535 [INFO]    All Admins Shown
2019-02-24 08:56:05.550 [INFO]    Delete Admin Window opened
2019-02-24 08:56:05.712 [INFO]    Delete Admin Window opened
2019-02-24 08:56:15.037 [ERROR]   Exception while trying to delete admin user details: Oracle.ManagedDataAccess.Client.OracleException (0x80004005): ORA-01403: no data found
ORA-06512: at "LIRAN_ADMIN.PKG_ADMIN", line 1
ORA-06512: at line 1
   at OracleInternal.ServiceObjects.OracleConnectionImpl.VerifyExecution(Int32& cursorId, Boolean bThrowArrayBindRelatedErrors, SqlStatementType sqlStatementType, Int32 arrayBindCount, OracleException& exceptionForArrayBindDML, Boolean& hasMoreRowsInDB, Boolean bFirstIterationDone)
   at OracleInternal.ServiceObjects.OracleCommandImpl.ExecuteNonQuery(String commandText, OracleParameterCollection paramColl, CommandType commandType, OracleConnectionImpl connectionImpl, Int32 longFetchSize, Int64 clientInitialLOBFS, OracleDependencyImpl orclDependencyImpl, Int64[]& scnFromExecution, OracleParameterCollection& bindByPositionParamColl, Boolean& bBindParamPresent, OracleException& exceptionForArrayBindDML, OracleConnection connection, OracleLogicalTransaction& oracleLogicalTransaction, Boolean isFromEF)
   at Oracle.ManagedDataAccess.Client.OracleCommand.ExecuteNonQuery()
   at OracalDBProject.Admin.DeleteAdminWindow.deleteButtonAdmin_Click(Object sender, RoutedEventArgs e) in C:\Users\Liran\Source\Repos\Oracle_.NET2\OracalDBProject\Admin\DeleteAdminWindow.xaml.cs:line 179
2019-02-24 18:40:57.831 [INFO]    -------------------------PROGRAM STARTED-------------------
2019-02-24 18:40:58.473 [INFO]    DB was opened seccefully
2019-02-24 18:40:58.519 [INFO]    Admin User Switched
2019-02-24 18:40:58.603 [INFO]    LogIn window opened
2019-02-24 18:41:08.559 [INFO]    User Switched to LIRAN_ADMIN
2019-02-24 18:41:08.594 [INFO]    Admin panel opened
2019-02-24 18:42:11.230 [INFO]    Table Updated
2019-02-24 18:42:11.247 [INFO]    All Admins Shown
2019-02-24 18:42:11.260 [INFO]    Delete Admin Window opened
2019-02-24 18:42:11.396 [INFO]    Delete Admin Window opened
2019-02-24 18:42:59.989 [INFO]    -------------------------PROGRAM STARTED-------------------
2019-02-24 18:43:00.693 [INFO]    DB was opened seccefully
2019-02-24 18:43:00.745 [INFO]    Admin User Switched
2019-02-24 18:43:00.834 [INFO]    LogIn window opened
2019-02-24 18:43:07.492 [INFO]    User Switched to LIRAN_ADMIN
2019-02-24 18:43:07.513 [INFO]    Admin panel opened
2019-02-24 18:46:11.011 [INFO]    -------------------------PROGRAM STARTED-------------------
2019-02-24 18:46:11.662 [INFO]    DB was opened seccefully
2019-02-24 18:46:11.723 [INFO]    Admin User Switched
2019-02-24 18:46:11.932 [INFO]    LogIn window opened
2019-02-24 18:46:20.706 [INFO]    User Switched to LIRAN_ADMIN
2019-02-24 18:46:20.724 [INFO]    Admin panel opened
2019-02-24 18:46:23.206 [INFO]    Table Updated
2019-02-24 18:46:23.220 [INFO]    All Admins Shown
2019-02-24 18:46:23.233 [INFO]    Delete Admin Window opened
2019-02-24 18:46:23.373 [INFO]    Delete Admin Window opened
2019-02-24 18:51:14.956 [INFO]    -------------------------PROGRAM STARTED-------------------
2019-02-24 18:51:15.943 [INFO]    DB was opened seccefully
2019-02-24 18:51:16.025 [INFO]    Admin User Switched
2019-02-24 18:51:16.183 [INFO]    LogIn window opened
2019-02-24 18:51:20.834 [INFO]    User Switched to LIRAN_ADMIN
2019-02-24 18:51:20.852 [INFO]    Admin panel opened
2019-02-24 18:51:30.135 [INFO]    Table Updated
2019-02-24 18:51:30.146 [INFO]    All Admins Shown
2019-02-24 18:51:30.159 [INFO]    Delete Admin Window opened
2019-02-24 18:51:30.294 [INFO]    Delete Admin Window opened
2019-02-24 18:57:29.876 [INFO]    -------------------------PROGRAM STARTED-------------------
2019-02-24 18:57:30.602 [INFO]    DB was opened seccefully
2019-02-24 18:57:30.640 [INFO]    Admin User Switched
2019-02-24 18:57:30.796 [INFO]    LogIn window opened
2019-02-24 18:57:37.939 [INFO]    User Switched to LIRAN_ADMIN
2019-02-24 18:57:37.956 [INFO]    Admin panel opened
2019-02-24 18:57:41.204 [INFO]    Table Updated
2019-02-24 18:57:41.216 [INFO]    All Admins Shown
2019-02-24 18:57:41.229 [INFO]    Delete Admin Window opened
2019-02-24 18:57:41.393 [INFO]    Delete Admin Window opened
2019-02-24 18:58:26.130 [ERROR]   Exception while trying to delete admin user details: Oracle.ManagedDataAccess.Client.OracleException (0x80004005): ORA-06550: line 1, column 15:
PLS-00306: wrong number or types of arguments in call to 'GET_ADMIN_ID'
ORA-06550: line 1, column 7:
PL/SQL: Statement ignored
   at OracleInternal.ServiceObjects.OracleConnectionImpl.VerifyExecution(Int32& cursorId, Boolean bThrowArrayBindRelatedErrors, SqlStatementType sqlStatementType, Int32 arrayBindCount, OracleException& exceptionForArrayBindDML, Boolean& hasMoreRowsInDB, Boolean bFirstIterationDone)
   at OracleInternal.ServiceObjects.OracleCommandImpl.ExecuteNonQuery(String commandText, OracleParameterCollection paramColl, CommandType commandType, OracleConnectionImpl connectionImpl, Int32 longFetchSize, Int64 clientInitialLOBFS, OracleDependencyImpl orclDependencyImpl, Int64[]& scnFromExecution, OracleParameterCollection& bindByPositionParamColl, Boolean& bBindParamPresent, OracleException& exceptionForArrayBindDML, OracleConnection connection, OracleLogicalTransaction& oracleLogicalTransaction, Boolean isFromEF)
   at Oracle.ManagedDataAccess.Client.OracleCommand.ExecuteNonQuery()
   at OracalDBProject.Admin.DeleteAdminWindow.deleteButtonAdmin_Click(Object sender, RoutedEventArgs e)
2019-02-24 18:59:12.372 [INFO]    -------------------------PROGRAM STARTED-------------------
2019-02-24 18:59:12.986 [INFO]    DB was opened seccefully
2019-02-24 18:59:13.043 [INFO]    Admin User Switched
2019-02-24 18:59:13.118 [INFO]    LogIn window opened
2019-02-24 18:59:16.948 [INFO]    User Switched to LIRAN_ADMIN
2019-02-24 18:59:16.974 [INFO]    Admin panel opened
2019-02-24 18:59:20.009 [INFO]    Table Updated
2019-02-24 18:59:20.022 [INFO]    All Admins Shown
2019-02-24 18:59:20.036 [INFO]    Delete Admin Window opened
2019-02-24 18:59:20.165 [INFO]    Delete Admin Window opened
2019-02-24 19:02:49.221 [INFO]    -------------------------PROGRAM STARTED-------------------
2019-02-24 19:02:49.776 [INFO]    DB was opened seccefully
2019-02-24 19:02:49.876 [INFO]    Admin User Switched
2019-02-24 19:02:50.068 [INFO]    LogIn window opened
2019-02-24 19:02:55.789 [INFO]    User Switched to LIRAN_ADMIN
2019-02-24 19:02:55.806 [INFO]    Admin panel opened
2019-02-24 19:02:57.841 [INFO]    Table Updated
2019-02-24 19:02:57.854 [INFO]    All Admins Shown
2019-02-24 19:02:57.868 [INFO]    Delete Admin Window opened
2019-02-24 19:02:58.082 [INFO]    Delete Admin Window opened
2019-02-24 21:24:26.624 [INFO]    -------------------------PROGRAM STARTED-------------------
2019-02-24 21:24:27.435 [INFO]    DB was opened seccefully
2019-02-24 21:24:27.508 [INFO]    Admin User Switched
2019-02-24 21:24:27.572 [INFO]    Admin Package Created
2019-02-24 21:24:27.601 [INFO]    Package Club Member Created
2019-02-24 21:24:27.650 [INFO]    LogIn window opened
2019-02-24 21:38:01.693 [INFO]    -------------------------PROGRAM STARTED-------------------
2019-02-24 21:38:02.323 [INFO]    DB was opened seccefully
2019-02-24 21:38:02.363 [INFO]    Admin User Switched
2019-02-24 21:38:02.437 [INFO]    LogIn window opened
2019-02-24 21:38:04.793 [INFO]    User Switched to LIRAN_ADMIN
2019-02-24 21:38:04.812 [INFO]    Admin panel opened
2019-02-24 21:38:08.402 [INFO]    Table Updated
2019-02-24 21:38:08.415 [INFO]    All Club Members Shown
2019-02-24 21:38:08.582 [INFO]    open Club Member Window opened
2019-02-24 21:38:21.822 [ERROR]   Exception while trying to Club Member  user details: Oracle.ManagedDataAccess.Client.OracleException (0x80004005): ORA-06550: line 1, column 25:
PLS-00302: component 'GET_CLUB_MEMBER_USER_ID' must be declared
ORA-06550: line 1, column 7:
PL/SQL: Statement ignored
   at OracleInternal.ServiceObjects.OracleConnectionImpl.VerifyExecution(Int32& cursorId, Boolean bThrowArrayBindRelatedErrors, SqlStatementType sqlStatementType, Int32 arrayBindCount, OracleException& exceptionForArrayBindDML, Boolean& hasMoreRowsInDB, Boolean bFirstIterationDone)
   at OracleInternal.ServiceObjects.OracleCommandImpl.ExecuteNonQuery(String commandText, OracleParameterCollection paramColl, CommandType commandType, OracleConnectionImpl connectionImpl, Int32 longFetchSize, Int64 clientInitialLOBFS, OracleDependencyImpl orclDependencyImpl, Int64[]& scnFromExecution, OracleParameterCollection& bindByPositionParamColl, Boolean& bBindParamPresent, OracleException& exceptionForArrayBindDML, OracleConnection connection, OracleLogicalTransaction& oracleLogicalTransaction, Boolean isFromEF)
   at Oracle.ManagedDataAccess.Client.OracleCommand.ExecuteNonQuery()
   at OracalDBProject.Club_Member.DeleteClubMemberWindow.DeleteButton_Click(Object sender, RoutedEventArgs e) in C:\Users\Liran\Source\Repos\Oracle_.NET2\OracalDBProject\Club Member\DeleteClubMemberWindow.xaml.cs:line 110
2019-02-24 21:38:23.357 [ERROR]   Exception while trying to Club Member  user details: Oracle.ManagedDataAccess.Client.OracleException (0x80004005): ORA-06550: line 1, column 25:
PLS-00302: component 'GET_CLUB_MEMBER_USER_ID' must be declared
ORA-06550: line 1, column 7:
PL/SQL: Statement ignored
   at OracleInternal.ServiceObjects.OracleConnectionImpl.VerifyExecution(Int32& cursorId, Boolean bThrowArrayBindRelatedErrors, SqlStatementType sqlStatementType, Int32 arrayBindCount, OracleException& exceptionForArrayBindDML, Boolean& hasMoreRowsInDB, Boolean bFirstIterationDone)
   at OracleInternal.ServiceObjects.OracleCommandImpl.ExecuteNonQuery(String commandText, OracleParameterCollection paramColl, CommandType commandType, OracleConnectionImpl connectionImpl, Int32 longFetchSize, Int64 clientInitialLOBFS, OracleDependencyImpl orclDependencyImpl, Int64[]& scnFromExecution, OracleParameterCollection& bindByPositionParamColl, Boolean& bBindParamPresent, OracleException& exceptionForArrayBindDML, OracleConnection connection, OracleLogicalTransaction& oracleLogicalTransaction, Boolean isFromEF)
   at Oracle.ManagedDataAccess.Client.OracleCommand.ExecuteNonQuery()
   at OracalDBProject.Club_Member.DeleteClubMemberWindow.DeleteButton_Click(Object sender, RoutedEventArgs e) in C:\Users\Liran\Source\Repos\Oracle_.NET2\OracalDBProject\Club Member\DeleteClubMemberWindow.xaml.cs:line 110
2019-02-24 21:38:24.238 [ERROR]   Exception while trying to Club Member  user details: Oracle.ManagedDataAccess.Client.OracleException (0x80004005): ORA-06550: line 1, column 25:
PLS-00302: component 'GET_CLUB_MEMBER_USER_ID' must be declared
ORA-06550: line 1, column 7:
PL/SQL: Statement ignored
   at OracleInternal.ServiceObjects.OracleConnectionImpl.VerifyExecution(Int32& cursorId, Boolean bThrowArrayBindRelatedErrors, SqlStatementType sqlStatementType, Int32 arrayBindCount, OracleException& exceptionForArrayBindDML, Boolean& hasMoreRowsInDB, Boolean bFirstIterationDone)
   at OracleInternal.ServiceObjects.OracleCommandImpl.ExecuteNonQuery(String commandText, OracleParameterCollection paramColl, CommandType commandType, OracleConnectionImpl connectionImpl, Int32 longFetchSize, Int64 clientInitialLOBFS, OracleDependencyImpl orclDependencyImpl, Int64[]& scnFromExecution, OracleParameterCollection& bindByPositionParamColl, Boolean& bBindParamPresent, OracleException& exceptionForArrayBindDML, OracleConnection connection, OracleLogicalTransaction& oracleLogicalTransaction, Boolean isFromEF)
   at Oracle.ManagedDataAccess.Client.OracleCommand.ExecuteNonQuery()
   at OracalDBProject.Club_Member.DeleteClubMemberWindow.DeleteButton_Click(Object sender, RoutedEventArgs e) in C:\Users\Liran\Source\Repos\Oracle_.NET2\OracalDBProject\Club Member\DeleteClubMemberWindow.xaml.cs:line 110
2019-02-24 21:38:24.551 [ERROR]   Exception while trying to Club Member  user details: Oracle.ManagedDataAccess.Client.OracleException (0x80004005): ORA-06550: line 1, column 25:
PLS-00302: component 'GET_CLUB_MEMBER_USER_ID' must be declared
ORA-06550: line 1, column 7:
PL/SQL: Statement ignored
   at OracleInternal.ServiceObjects.OracleConnectionImpl.VerifyExecution(Int32& cursorId, Boolean bThrowArrayBindRelatedErrors, SqlStatementType sqlStatementType, Int32 arrayBindCount, OracleException& exceptionForArrayBindDML, Boolean& hasMoreRowsInDB, Boolean bFirstIterationDone)
   at OracleInternal.ServiceObjects.OracleCommandImpl.ExecuteNonQuery(String commandText, OracleParameterCollection paramColl, CommandType commandType, OracleConnectionImpl connectionImpl, Int32 longFetchSize, Int64 clientInitialLOBFS, OracleDependencyImpl orclDependencyImpl, Int64[]& scnFromExecution, OracleParameterCollection& bindByPositionParamColl, Boolean& bBindParamPresent, OracleException& exceptionForArrayBindDML, OracleConnection connection, OracleLogicalTransaction& oracleLogicalTransaction, Boolean isFromEF)
   at Oracle.ManagedDataAccess.Client.OracleCommand.ExecuteNonQuery()
   at OracalDBProject.Club_Member.DeleteClubMemberWindow.DeleteButton_Click(Object sender, RoutedEventArgs e) in C:\Users\Liran\Source\Repos\Oracle_.NET2\OracalDBProject\Club Member\DeleteClubMemberWindow.xaml.cs:line 110
2019-02-24 21:38:24.926 [ERROR]   Exception while trying to Club Member  user details: Oracle.ManagedDataAccess.Client.OracleException (0x80004005): ORA-06550: line 1, column 25:
PLS-00302: component 'GET_CLUB_MEMBER_USER_ID' must be declared
ORA-06550: line 1, column 7:
PL/SQL: Statement ignored
   at OracleInternal.ServiceObjects.OracleConnectionImpl.VerifyExecution(Int32& cursorId, Boolean bThrowArrayBindRelatedErrors, SqlStatementType sqlStatementType, Int32 arrayBindCount, OracleException& exceptionForArrayBindDML, Boolean& hasMoreRowsInDB, Boolean bFirstIterationDone)
   at OracleInternal.ServiceObjects.OracleCommandImpl.ExecuteNonQuery(String commandText, OracleParameterCollection paramColl, CommandType commandType, OracleConnectionImpl connectionImpl, Int32 longFetchSize, Int64 clientInitialLOBFS, OracleDependencyImpl orclDependencyImpl, Int64[]& scnFromExecution, OracleParameterCollection& bindByPositionParamColl, Boolean& bBindParamPresent, OracleException& exceptionForArrayBindDML, OracleConnection connection, OracleLogicalTransaction& oracleLogicalTransaction, Boolean isFromEF)
   at Oracle.ManagedDataAccess.Client.OracleCommand.ExecuteNonQuery()
   at OracalDBProject.Club_Member.DeleteClubMemberWindow.DeleteButton_Click(Object sender, RoutedEventArgs e) in C:\Users\Liran\Source\Repos\Oracle_.NET2\OracalDBProject\Club Member\DeleteClubMemberWindow.xaml.cs:line 110
2019-02-24 21:38:25.106 [ERROR]   Exception while trying to Club Member  user details: Oracle.ManagedDataAccess.Client.OracleException (0x80004005): ORA-06550: line 1, column 25:
PLS-00302: component 'GET_CLUB_MEMBER_USER_ID' must be declared
ORA-06550: line 1, column 7:
PL/SQL: Statement ignored
   at OracleInternal.ServiceObjects.OracleConnectionImpl.VerifyExecution(Int32& cursorId, Boolean bThrowArrayBindRelatedErrors, SqlStatementType sqlStatementType, Int32 arrayBindCount, OracleException& exceptionForArrayBindDML, Boolean& hasMoreRowsInDB, Boolean bFirstIterationDone)
   at OracleInternal.ServiceObjects.OracleCommandImpl.ExecuteNonQuery(String commandText, OracleParameterCollection paramColl, CommandType commandType, OracleConnectionImpl connectionImpl, Int32 longFetchSize, Int64 clientInitialLOBFS, OracleDependencyImpl orclDependencyImpl, Int64[]& scnFromExecution, OracleParameterCollection& bindByPositionParamColl, Boolean& bBindParamPresent, OracleException& exceptionForArrayBindDML, OracleConnection connection, OracleLogicalTransaction& oracleLogicalTransaction, Boolean isFromEF)
   at Oracle.ManagedDataAccess.Client.OracleCommand.ExecuteNonQuery()
   at OracalDBProject.Club_Member.DeleteClubMemberWindow.DeleteButton_Click(Object sender, RoutedEventArgs e) in C:\Users\Liran\Source\Repos\Oracle_.NET2\OracalDBProject\Club Member\DeleteClubMemberWindow.xaml.cs:line 110
2019-02-24 21:38:25.281 [ERROR]   Exception while trying to Club Member  user details: Oracle.ManagedDataAccess.Client.OracleException (0x80004005): ORA-06550: line 1, column 25:
PLS-00302: component 'GET_CLUB_MEMBER_USER_ID' must be declared
ORA-06550: line 1, column 7:
PL/SQL: Statement ignored
   at OracleInternal.ServiceObjects.OracleConnectionImpl.VerifyExecution(Int32& cursorId, Boolean bThrowArrayBindRelatedErrors, SqlStatementType sqlStatementType, Int32 arrayBindCount, OracleException& exceptionForArrayBindDML, Boolean& hasMoreRowsInDB, Boolean bFirstIterationDone)
   at OracleInternal.ServiceObjects.OracleCommandImpl.ExecuteNonQuery(String commandText, OracleParameterCollection paramColl, CommandType commandType, OracleConnectionImpl connectionImpl, Int32 longFetchSize, Int64 clientInitialLOBFS, OracleDependencyImpl orclDependencyImpl, Int64[]& scnFromExecution, OracleParameterCollection& bindByPositionParamColl, Boolean& bBindParamPresent, OracleException& exceptionForArrayBindDML, OracleConnection connection, OracleLogicalTransaction& oracleLogicalTransaction, Boolean isFromEF)
   at Oracle.ManagedDataAccess.Client.OracleCommand.ExecuteNonQuery()
   at OracalDBProject.Club_Member.DeleteClubMemberWindow.DeleteButton_Click(Object sender, RoutedEventArgs e) in C:\Users\Liran\Source\Repos\Oracle_.NET2\OracalDBProject\Club Member\DeleteClubMemberWindow.xaml.cs:line 110
2019-02-24 21:38:25.400 [ERROR]   Exception while trying to Club Member  user details: Oracle.ManagedDataAccess.Client.OracleException (0x80004005): ORA-06550: line 1, column 25:
PLS-00302: component 'GET_CLUB_MEMBER_USER_ID' must be declared
ORA-06550: line 1, column 7:
PL/SQL: Statement ignored
   at OracleInternal.ServiceObjects.OracleConnectionImpl.VerifyExecution(Int32& cursorId, Boolean bThrowArrayBindRelatedErrors, SqlStatementType sqlStatementType, Int32 arrayBindCount, OracleException& exceptionForArrayBindDML, Boolean& hasMoreRowsInDB, Boolean bFirstIterationDone)
   at OracleInternal.ServiceObjects.OracleCommandImpl.ExecuteNonQuery(String commandText, OracleParameterCollection paramColl, CommandType commandType, OracleConnectionImpl connectionImpl, Int32 longFetchSize, Int64 clientInitialLOBFS, OracleDependencyImpl orclDependencyImpl, Int64[]& scnFromExecution, OracleParameterCollection& bindByPositionParamColl, Boolean& bBindParamPresent, OracleException& exceptionForArrayBindDML, OracleConnection connection, OracleLogicalTransaction& oracleLogicalTransaction, Boolean isFromEF)
   at Oracle.ManagedDataAccess.Client.OracleCommand.ExecuteNonQuery()
   at OracalDBProject.Club_Member.DeleteClubMemberWindow.DeleteButton_Click(Object sender, RoutedEventArgs e) in C:\Users\Liran\Source\Repos\Oracle_.NET2\OracalDBProject\Club Member\DeleteClubMemberWindow.xaml.cs:line 110
2019-02-24 21:38:25.602 [ERROR]   Exception while trying to Club Member  user details: Oracle.ManagedDataAccess.Client.OracleException (0x80004005): ORA-06550: line 1, column 25:
PLS-00302: component 'GET_CLUB_MEMBER_USER_ID' must be declared
ORA-06550: line 1, column 7:
PL/SQL: Statement ignored
   at OracleInternal.ServiceObjects.OracleConnectionImpl.VerifyExecution(Int32& cursorId, Boolean bThrowArrayBindRelatedErrors, SqlStatementType sqlStatementType, Int32 arrayBindCount, OracleException& exceptionForArrayBindDML, Boolean& hasMoreRowsInDB, Boolean bFirstIterationDone)
   at OracleInternal.ServiceObjects.OracleCommandImpl.ExecuteNonQuery(String commandText, OracleParameterCollection paramColl, CommandType commandType, OracleConnectionImpl connectionImpl, Int32 longFetchSize, Int64 clientInitialLOBFS, OracleDependencyImpl orclDependencyImpl, Int64[]& scnFromExecution, OracleParameterCollection& bindByPositionParamColl, Boolean& bBindParamPresent, OracleException& exceptionForArrayBindDML, OracleConnection connection, OracleLogicalTransaction& oracleLogicalTransaction, Boolean isFromEF)
   at Oracle.ManagedDataAccess.Client.OracleCommand.ExecuteNonQuery()
   at OracalDBProject.Club_Member.DeleteClubMemberWindow.DeleteButton_Click(Object sender, RoutedEventArgs e) in C:\Users\Liran\Source\Repos\Oracle_.NET2\OracalDBProject\Club Member\DeleteClubMemberWindow.xaml.cs:line 110
2019-02-24 21:38:25.773 [ERROR]   Exception while trying to Club Member  user details: Oracle.ManagedDataAccess.Client.OracleException (0x80004005): ORA-06550: line 1, column 25:
PLS-00302: component 'GET_CLUB_MEMBER_USER_ID' must be declared
ORA-06550: line 1, column 7:
PL/SQL: Statement ignored
   at OracleInternal.ServiceObjects.OracleConnectionImpl.VerifyExecution(Int32& cursorId, Boolean bThrowArrayBindRelatedErrors, SqlStatementType sqlStatementType, Int32 arrayBindCount, OracleException& exceptionForArrayBindDML, Boolean& hasMoreRowsInDB, Boolean bFirstIterationDone)
   at OracleInternal.ServiceObjects.OracleCommandImpl.ExecuteNonQuery(String commandText, OracleParameterCollection paramColl, CommandType commandType, OracleConnectionImpl connectionImpl, Int32 longFetchSize, Int64 clientInitialLOBFS, OracleDependencyImpl orclDependencyImpl, Int64[]& scnFromExecution, OracleParameterCollection& bindByPositionParamColl, Boolean& bBindParamPresent, OracleException& exceptionForArrayBindDML, OracleConnection connection, OracleLogicalTransaction& oracleLogicalTransaction, Boolean isFromEF)
   at Oracle.ManagedDataAccess.Client.OracleCommand.ExecuteNonQuery()
   at OracalDBProject.Club_Member.DeleteClubMemberWindow.DeleteButton_Click(Object sender, RoutedEventArgs e) in C:\Users\Liran\Source\Repos\Oracle_.NET2\OracalDBProject\Club Member\DeleteClubMemberWindow.xaml.cs:line 110
2019-02-24 21:38:25.912 [ERROR]   Exception while trying to Club Member  user details: Oracle.ManagedDataAccess.Client.OracleException (0x80004005): ORA-06550: line 1, column 25:
PLS-00302: component 'GET_CLUB_MEMBER_USER_ID' must be declared
ORA-06550: line 1, column 7:
PL/SQL: Statement ignored
   at OracleInternal.ServiceObjects.OracleConnectionImpl.VerifyExecution(Int32& cursorId, Boolean bThrowArrayBindRelatedErrors, SqlStatementType sqlStatementType, Int32 arrayBindCount, OracleException& exceptionForArrayBindDML, Boolean& hasMoreRowsInDB, Boolean bFirstIterationDone)
   at OracleInternal.ServiceObjects.OracleCommandImpl.ExecuteNonQuery(String commandText, OracleParameterCollection paramColl, CommandType commandType, OracleConnectionImpl connectionImpl, Int32 longFetchSize, Int64 clientInitialLOBFS, OracleDependencyImpl orclDependencyImpl, Int64[]& scnFromExecution, OracleParameterCollection& bindByPositionParamColl, Boolean& bBindParamPresent, OracleException& exceptionForArrayBindDML, OracleConnection connection, OracleLogicalTransaction& oracleLogicalTransaction, Boolean isFromEF)
   at Oracle.ManagedDataAccess.Client.OracleCommand.ExecuteNonQuery()
   at OracalDBProject.Club_Member.DeleteClubMemberWindow.DeleteButton_Click(Object sender, RoutedEventArgs e) in C:\Users\Liran\Source\Repos\Oracle_.NET2\OracalDBProject\Club Member\DeleteClubMemberWindow.xaml.cs:line 110
2019-02-24 21:38:26.091 [ERROR]   Exception while trying to Club Member  user details: Oracle.ManagedDataAccess.Client.OracleException (0x80004005): ORA-06550: line 1, column 25:
PLS-00302: component 'GET_CLUB_MEMBER_USER_ID' must be declared
ORA-06550: line 1, column 7:
PL/SQL: Statement ignored
   at OracleInternal.ServiceObjects.OracleConnectionImpl.VerifyExecution(Int32& cursorId, Boolean bThrowArrayBindRelatedErrors, SqlStatementType sqlStatementType, Int32 arrayBindCount, OracleException& exceptionForArrayBindDML, Boolean& hasMoreRowsInDB, Boolean bFirstIterationDone)
   at OracleInternal.ServiceObjects.OracleCommandImpl.ExecuteNonQuery(String commandText, OracleParameterCollection paramColl, CommandType commandType, OracleConnectionImpl connectionImpl, Int32 longFetchSize, Int64 clientInitialLOBFS, OracleDependencyImpl orclDependencyImpl, Int64[]& scnFromExecution, OracleParameterCollection& bindByPositionParamColl, Boolean& bBindParamPresent, OracleException& exceptionForArrayBindDML, OracleConnection connection, OracleLogicalTransaction& oracleLogicalTransaction, Boolean isFromEF)
   at Oracle.ManagedDataAccess.Client.OracleCommand.ExecuteNonQuery()
   at OracalDBProject.Club_Member.DeleteClubMemberWindow.DeleteButton_Click(Object sender, RoutedEventArgs e) in C:\Users\Liran\Source\Repos\Oracle_.NET2\OracalDBProject\Club Member\DeleteClubMemberWindow.xaml.cs:line 110
2019-02-24 21:41:40.273 [INFO]    -------------------------PROGRAM STARTED-------------------
2019-02-24 21:41:41.288 [INFO]    DB was opened seccefully
2019-02-24 21:41:41.370 [INFO]    Admin User Switched
2019-02-24 21:41:41.452 [INFO]    Package Club Member Created
2019-02-24 21:41:41.648 [INFO]    LogIn window opened
2019-02-24 21:41:46.634 [INFO]    User Switched to LIRAN_ADMIN
2019-02-24 21:41:46.653 [INFO]    Admin panel opened
2019-02-24 21:42:10.749 [INFO]    Table Updated
2019-02-24 21:42:10.765 [INFO]    All Club Members Shown
2019-02-24 21:42:10.906 [INFO]    open Club Member Window opened
